# JRE version: Java(TM) SE Runtime Environment (8.0_91-b15) (build 1.8.0_91-b15)
# Java VM: Java HotSpot(TM) 64-Bit Server VM (25.91-b15 mixed mode windows-amd64 compressed oops)
Heap:
 PSYoungGen      total 287744K, used 92186K [0x00000000eab00000, 0x00000000ff380000, 0x0000000100000000)
  eden space 258560K, 35% used [0x00000000eab00000,0x00000000f045a4b8,0x00000000fa780000)
  from space 29184K, 2% used [0x00000000fd700000,0x00000000fd7ac610,0x00000000ff380000)
  to   space 38912K, 0% used [0x00000000fa780000,0x00000000fa780000,0x00000000fcd80000)
 ParOldGen       total 254464K, used 109185K [0x00000000c0000000, 0x00000000cf880000, 0x00000000eab00000)
  object space 254464K, 42% used [0x00000000c0000000,0x00000000c6aa05b8,0x00000000cf880000)
 Metaspace       used 85605K, capacity 90774K, committed 91008K, reserved 1128448K
  class space    used 10397K, capacity 11315K, committed 11392K, reserved 1048576K
GC Heap History (10 events):
Event: 1455.358 GC heap before
{Heap before GC invocations=37 (full 6):
 PSYoungGen      total 309248K, used 278270K [0x00000000eab00000, 0x00000000ffe00000, 0x0000000100000000)
  eden space 274432K, 100% used [0x00000000eab00000,0x00000000fb700000,0x00000000fb700000)
  from space 34816K, 11% used [0x00000000fdc00000,0x00000000fdfbf880,0x00000000ffe00000)
  to   space 36352K, 0% used [0x00000000fb700000,0x00000000fb700000,0x00000000fda80000)
 ParOldGen       total 140800K, used 86258K [0x00000000c0000000, 0x00000000c8980000, 0x00000000eab00000)
  object space 140800K, 61% used [0x00000000c0000000,0x00000000c543caf8,0x00000000c8980000)
 Metaspace       used 84832K, capacity 89610K, committed 89984K, reserved 1128448K
  class space    used 10333K, capacity 11177K, committed 11392K, reserved 1048576K
Event: 1455.377 GC heap after
Heap after GC invocations=37 (full 6):
 PSYoungGen      total 306688K, used 31824K [0x00000000eab00000, 0x0000000100000000, 0x0000000100000000)
  eden space 274432K, 0% used [0x00000000eab00000,0x00000000eab00000,0x00000000fb700000)
  from space 32256K, 98% used [0x00000000fb700000,0x00000000fd6141b8,0x00000000fd680000)
  to   space 40960K, 0% used [0x00000000fd800000,0x00000000fd800000,0x0000000100000000)
 ParOldGen       total 140800K, used 86266K [0x00000000c0000000, 0x00000000c8980000, 0x00000000eab00000)
  object space 140800K, 61% used [0x00000000c0000000,0x00000000c543eaf8,0x00000000c8980000)
 Metaspace       used 84832K, capacity 89610K, committed 89984K, reserved 1128448K
  class space    used 10333K, capacity 11177K, committed 11392K, reserved 1048576K
}
Event: 1455.946 GC heap before
{Heap before GC invocations=38 (full 7):
 PSYoungGen      total 306688K, used 305514K [0x00000000eab00000, 0x0000000100000000, 0x0000000100000000)
  eden space 274432K, 99% used [0x00000000eab00000,0x00000000fb6467f0,0x00000000fb700000)
  from space 32256K, 98% used [0x00000000fb700000,0x00000000fd6141b8,0x00000000fd680000)
  to   space 40960K, 0% used [0x00000000fd800000,0x00000000fd800000,0x0000000100000000)
 ParOldGen       total 151552K, used 150779K [0x00000000c0000000, 0x00000000c9400000, 0x00000000eab00000)
  object space 151552K, 99% used [0x00000000c0000000,0x00000000c933eee8,0x00000000c9400000)
 Metaspace       used 84861K, capacity 89610K, committed 89984K, reserved 1128448K
  class space    used 10333K, capacity 11177K, committed 11392K, reserved 1048576K
Event: 1456.127 GC heap after
Heap after GC invocations=38 (full 7):
 PSYoungGen      total 306688K, used 0K [0x00000000eab00000, 0x0000000100000000, 0x0000000100000000)
  eden space 274432K, 0% used [0x00000000eab00000,0x00000000eab00000,0x00000000fb700000)
  from space 32256K, 0% used [0x00000000fb700000,0x00000000fb700000,0x00000000fd680000)
  to   space 40960K, 0% used [0x00000000fd800000,0x00000000fd800000,0x0000000100000000)
 ParOldGen       total 254464K, used 109169K [0x00000000c0000000, 0x00000000cf880000, 0x00000000eab00000)
  object space 254464K, 42% used [0x00000000c0000000,0x00000000c6a9c5b8,0x00000000cf880000)
 Metaspace       used 84861K, capacity 89610K, committed 89984K, reserved 1128448K
  class space    used 10333K, capacity 11177K, committed 11392K, reserved 1048576K
}
Event: 1456.166 GC heap before
{Heap before GC invocations=39 (full 7):
 PSYoungGen      total 306688K, used 273467K [0x00000000eab00000, 0x0000000100000000, 0x0000000100000000)
  eden space 274432K, 99% used [0x00000000eab00000,0x00000000fb60ee60,0x00000000fb700000)
  from space 32256K, 0% used [0x00000000fb700000,0x00000000fb700000,0x00000000fd680000)
  to   space 40960K, 0% used [0x00000000fd800000,0x00000000fd800000,0x0000000100000000)
 ParOldGen       total 254464K, used 109169K [0x00000000c0000000, 0x00000000cf880000, 0x00000000eab00000)
  object space 254464K, 42% used [0x00000000c0000000,0x00000000c6a9c5b8,0x00000000cf880000)
 Metaspace       used 84861K, capacity 89610K, committed 89984K, reserved 1128448K
  class space    used 10333K, capacity 11177K, committed 11392K, reserved 1048576K
Event: 1456.169 GC heap after
Heap after GC invocations=39 (full 7):
 PSYoungGen      total 308224K, used 96K [0x00000000eab00000, 0x0000000100000000, 0x0000000100000000)
  eden space 267264K, 0% used [0x00000000eab00000,0x00000000eab00000,0x00000000fb000000)
  from space 40960K, 0% used [0x00000000fd800000,0x00000000fd818000,0x0000000100000000)
  to   space 40960K, 0% used [0x00000000fb000000,0x00000000fb000000,0x00000000fd800000)
 ParOldGen       total 254464K, used 109169K [0x00000000c0000000, 0x00000000cf880000, 0x00000000eab00000)
  object space 254464K, 42% used [0x00000000c0000000,0x00000000c6a9c5b8,0x00000000cf880000)
 Metaspace       used 84861K, capacity 89610K, committed 89984K, reserved 1128448K
  class space    used 10333K, capacity 11177K, committed 11392K, reserved 1048576K
}
Event: 1679.947 GC heap before
{Heap before GC invocations=40 (full 7):
 PSYoungGen      total 308224K, used 267360K [0x00000000eab00000, 0x0000000100000000, 0x0000000100000000)
  eden space 267264K, 100% used [0x00000000eab00000,0x00000000fb000000,0x00000000fb000000)
  from space 40960K, 0% used [0x00000000fd800000,0x00000000fd818000,0x0000000100000000)
  to   space 40960K, 0% used [0x00000000fb000000,0x00000000fb000000,0x00000000fd800000)
 ParOldGen       total 254464K, used 109169K [0x00000000c0000000, 0x00000000cf880000, 0x00000000eab00000)
  object space 254464K, 42% used [0x00000000c0000000,0x00000000c6a9c5b8,0x00000000cf880000)
 Metaspace       used 85007K, capacity 89890K, committed 90240K, reserved 1128448K
  class space    used 10338K, capacity 11181K, committed 11392K, reserved 1048576K
Event: 1679.954 GC heap after
Heap after GC invocations=40 (full 7):
 PSYoungGen      total 272896K, used 5169K [0x00000000eab00000, 0x00000000ffe00000, 0x0000000100000000)
  eden space 267264K, 0% used [0x00000000eab00000,0x00000000eab00000,0x00000000fb000000)
  from space 5632K, 91% used [0x00000000fb000000,0x00000000fb50c630,0x00000000fb580000)
  to   space 39936K, 0% used [0x00000000fd700000,0x00000000fd700000,0x00000000ffe00000)
 ParOldGen       total 254464K, used 109177K [0x00000000c0000000, 0x00000000cf880000, 0x00000000eab00000)
  object space 254464K, 42% used [0x00000000c0000000,0x00000000c6a9e5b8,0x00000000cf880000)
 Metaspace       used 85007K, capacity 89890K, committed 90240K, reserved 1128448K
  class space    used 10338K, capacity 11181K, committed 11392K, reserved 1048576K
}
Event: 2701.595 GC heap before
{Heap before GC invocations=41 (full 7):
 PSYoungGen      total 272896K, used 272433K [0x00000000eab00000, 0x00000000ffe00000, 0x0000000100000000)
  eden space 267264K, 100% used [0x00000000eab00000,0x00000000fb000000,0x00000000fb000000)
  from space 5632K, 91% used [0x00000000fb000000,0x00000000fb50c630,0x00000000fb580000)
  to   space 39936K, 0% used [0x00000000fd700000,0x00000000fd700000,0x00000000ffe00000)
 ParOldGen       total 254464K, used 109177K [0x00000000c0000000, 0x00000000cf880000, 0x00000000eab00000)
  object space 254464K, 42% used [0x00000000c0000000,0x00000000c6a9e5b8,0x00000000cf880000)
 Metaspace       used 85301K, capacity 90330K, committed 90496K, reserved 1128448K
  class space    used 10368K, capacity 11231K, committed 11392K, reserved 1048576K
Event: 2701.600 GC heap after
Heap after GC invocations=41 (full 7):
 PSYoungGen      total 287744K, used 689K [0x00000000eab00000, 0x00000000ff380000, 0x0000000100000000)
  eden space 258560K, 0% used [0x00000000eab00000,0x00000000eab00000,0x00000000fa780000)
  from space 29184K, 2% used [0x00000000fd700000,0x00000000fd7ac610,0x00000000ff380000)
  to   space 38912K, 0% used [0x00000000fa780000,0x00000000fa780000,0x00000000fcd80000)
 ParOldGen       total 254464K, used 109185K [0x00000000c0000000, 0x00000000cf880000, 0x00000000eab00000)
  object space 254464K, 42% used [0x00000000c0000000,0x00000000c6aa05b8,0x00000000cf880000)
 Metaspace       used 85301K, capacity 90330K, committed 90496K, reserved 1128448K
  class space    used 10368K, capacity 11231K, committed 11392K, reserved 1048576K
}

